<?xml version="1.0" encoding="UTF-8"?>
<testng-results skipped="0" failed="1" ignored="0" total="1" passed="0">
  <reporter-output>
  </reporter-output>
  <suite name="Default suite" duration-ms="84248" started-at="2018-07-12T15:22:12Z" finished-at="2018-07-12T15:23:36Z">
    <groups>
      <group name="Smoke Test">
        <method signature="SmokeTestCase.TC42250()[pri:0, instance:MMTestCase.SmokeTestCase@662b4c69]" name="TC42250" class="MMTestCase.SmokeTestCase"/>
      </group> <!-- Smoke Test -->
    </groups>
    <test name="Default test" duration-ms="84248" started-at="2018-07-12T15:22:12Z" finished-at="2018-07-12T15:23:36Z">
      <class name="MMTestCase.SmokeTestCase">
        <test-method status="PASS" signature="beforeClass()[pri:0, instance:MMTestCase.SmokeTestCase@662b4c69]" name="beforeClass" is-config="true" duration-ms="1139" started-at="2018-07-12T15:22:12Z" finished-at="2018-07-12T15:22:13Z">
          <reporter-output>
          </reporter-output>
        </test-method> <!-- beforeClass -->
        <test-method status="PASS" signature="Setup(java.lang.reflect.Method)[pri:0, instance:MMTestCase.SmokeTestCase@662b4c69]" name="Setup" is-config="true" duration-ms="765" started-at="2018-07-12T15:22:13Z" finished-at="2018-07-12T15:22:14Z">
          <params>
            <param index="0">
              <value>
                <![CDATA[public void MMTestCase.SmokeTestCase.TC42250() throws java.lang.Exception]]>
              </value>
            </param>
          </params>
          <reporter-output>
          </reporter-output>
        </test-method> <!-- Setup -->
        <test-method status="FAIL" signature="TC42250()[pri:0, instance:MMTestCase.SmokeTestCase@662b4c69]" name="TC42250" duration-ms="78962" started-at="2018-07-12T15:22:14Z" description="FM - Hospital Verify On Demand Invoice, Create Batch and Post Batch" finished-at="2018-07-12T15:23:33Z">
          <exception class="java.lang.NullPointerException">
            <full-stacktrace>
              <![CDATA[java.lang.NullPointerException
at com.mm.utils.CommonAction.getDataFromExcel(CommonAction.java:461)
at com.mm.pages.FinancePage.onDemandInvoice(FinancePage.java:255)
at MMTestCase.SmokeTestCase.TC42250(SmokeTestCase.java:128)
at sun.reflect.NativeMethodAccessorImpl.invoke0(Native Method)
at sun.reflect.NativeMethodAccessorImpl.invoke(Unknown Source)
at sun.reflect.DelegatingMethodAccessorImpl.invoke(Unknown Source)
at java.lang.reflect.Method.invoke(Unknown Source)
at org.testng.internal.MethodInvocationHelper.invokeMethod(MethodInvocationHelper.java:124)
at org.testng.internal.Invoker.invokeMethod(Invoker.java:580)
at org.testng.internal.Invoker.invokeTestMethod(Invoker.java:716)
at org.testng.internal.Invoker.invokeTestMethods(Invoker.java:988)
at org.testng.internal.TestMethodWorker.invokeTestMethods(TestMethodWorker.java:125)
at org.testng.internal.TestMethodWorker.run(TestMethodWorker.java:109)
at org.testng.TestRunner.privateRun(TestRunner.java:648)
at org.testng.TestRunner.run(TestRunner.java:505)
at org.testng.SuiteRunner.runTest(SuiteRunner.java:455)
at org.testng.SuiteRunner.runSequentially(SuiteRunner.java:450)
at org.testng.SuiteRunner.privateRun(SuiteRunner.java:415)
at org.testng.SuiteRunner.run(SuiteRunner.java:364)
at org.testng.SuiteRunnerWorker.runSuite(SuiteRunnerWorker.java:52)
at org.testng.SuiteRunnerWorker.run(SuiteRunnerWorker.java:84)
at org.testng.TestNG.runSuitesSequentially(TestNG.java:1208)
at org.testng.TestNG.runSuitesLocally(TestNG.java:1137)
at org.testng.TestNG.runSuites(TestNG.java:1049)
at org.testng.TestNG.run(TestNG.java:1017)
at org.testng.remote.AbstractRemoteTestNG.run(AbstractRemoteTestNG.java:114)
at org.testng.remote.RemoteTestNG.initAndRun(RemoteTestNG.java:251)
at org.testng.remote.RemoteTestNG.main(RemoteTestNG.java:77)
]]>
            </full-stacktrace>
          </exception> <!-- java.lang.NullPointerException -->
          <reporter-output>
          </reporter-output>
        </test-method> <!-- TC42250 -->
        <test-method status="PASS" signature="logoffFromAppclication(org.testng.ITestResult)[pri:0, instance:MMTestCase.SmokeTestCase@662b4c69]" name="logoffFromAppclication" is-config="true" duration-ms="3346" started-at="2018-07-12T15:23:33Z" finished-at="2018-07-12T15:23:36Z">
          <params>
            <param index="0">
              <value>
                <![CDATA[[TestResult name=TC42250 status=FAILURE method=SmokeTestCase.TC42250()[pri:0, instance:MMTestCase.SmokeTestCase@662b4c69] output={null}]]]>
              </value>
            </param>
          </params>
          <reporter-output>
          </reporter-output>
        </test-method> <!-- logoffFromAppclication -->
        <test-method status="PASS" signature="closeBrowser()[pri:0, instance:MMTestCase.SmokeTestCase@662b4c69]" name="closeBrowser" is-config="true" duration-ms="1" started-at="2018-07-12T15:23:36Z" finished-at="2018-07-12T15:23:36Z">
          <reporter-output>
          </reporter-output>
        </test-method> <!-- closeBrowser -->
      </class> <!-- MMTestCase.SmokeTestCase -->
    </test> <!-- Default test -->
  </suite> <!-- Default suite -->
</testng-results>
